2022-09-30 11:45:04.165  INFO 4244 --- [restartedMain] .e.s.SpringEmployeePayrollAppApplication : Starting SpringEmployeePayrollAppApplication using Java 18.0.1.1 on DESKTOP-K0BSPDB with PID 4244 (C:\Users\HP\IdeaProjects\SpringEmployeePayrollApp\target\classes started by HP in C:\Users\HP\IdeaProjects\SpringEmployeePayrollApp)
2022-09-30 11:45:04.178 DEBUG 4244 --- [restartedMain] .e.s.SpringEmployeePayrollAppApplication : Running with Spring Boot v2.7.4, Spring v5.3.23
2022-09-30 11:45:04.179  INFO 4244 --- [restartedMain] .e.s.SpringEmployeePayrollAppApplication : The following 1 profile is active: "dev"
2022-09-30 11:45:15.283  WARN 4244 --- [restartedMain] JpaBaseConfiguration$JpaWebConfiguration : spring.jpa.open-in-view is enabled by default. Therefore, database queries may be performed during view rendering. Explicitly configure spring.jpa.open-in-view to disable this warning
2022-09-30 11:45:16.182  INFO 4244 --- [restartedMain] .e.s.SpringEmployeePayrollAppApplication : Started SpringEmployeePayrollAppApplication in 13.208 seconds (JVM running for 15.949)
2022-09-30 11:45:16.191  INFO 4244 --- [restartedMain] .e.s.SpringEmployeePayrollAppApplication : -----------Welcome To Spring Employee Payroll App------------
2022-09-30 11:59:10.464  INFO 9232 --- [restartedMain] .e.s.SpringEmployeePayrollAppApplication : Starting SpringEmployeePayrollAppApplication using Java 18.0.1.1 on DESKTOP-K0BSPDB with PID 9232 (C:\Users\HP\IdeaProjects\SpringEmployeePayrollApp\target\classes started by HP in C:\Users\HP\IdeaProjects\SpringEmployeePayrollApp)
2022-09-30 11:59:10.471 DEBUG 9232 --- [restartedMain] .e.s.SpringEmployeePayrollAppApplication : Running with Spring Boot v2.7.4, Spring v5.3.23
2022-09-30 11:59:10.473  INFO 9232 --- [restartedMain] .e.s.SpringEmployeePayrollAppApplication : The following 1 profile is active: "dev"
2022-09-30 11:59:27.532  WARN 9232 --- [restartedMain] JpaBaseConfiguration$JpaWebConfiguration : spring.jpa.open-in-view is enabled by default. Therefore, database queries may be performed during view rendering. Explicitly configure spring.jpa.open-in-view to disable this warning
2022-09-30 11:59:30.414  INFO 9232 --- [restartedMain] .e.s.SpringEmployeePayrollAppApplication : Started SpringEmployeePayrollAppApplication in 21.886 seconds (JVM running for 26.065)
2022-09-30 11:59:30.421  INFO 9232 --- [restartedMain] .e.s.SpringEmployeePayrollAppApplication : -----------Welcome To Spring Employee Payroll App------------
2022-09-30 12:00:18.765  INFO 9232 --- [http-nio-8082-exec-1] c.e.s.service.EmployeeService            : -----------Employee Data Add Successfully ------------
2022-09-30 12:00:43.818  INFO 8284 --- [restartedMain] .e.s.SpringEmployeePayrollAppApplication : Starting SpringEmployeePayrollAppApplication using Java 18.0.1.1 on DESKTOP-K0BSPDB with PID 8284 (C:\Users\HP\IdeaProjects\SpringEmployeePayrollApp\target\classes started by HP in C:\Users\HP\IdeaProjects\SpringEmployeePayrollApp)
2022-09-30 12:00:43.824 DEBUG 8284 --- [restartedMain] .e.s.SpringEmployeePayrollAppApplication : Running with Spring Boot v2.7.4, Spring v5.3.23
2022-09-30 12:00:43.826  INFO 8284 --- [restartedMain] .e.s.SpringEmployeePayrollAppApplication : The following 1 profile is active: "dev"
2022-09-30 12:00:52.948  WARN 8284 --- [restartedMain] JpaBaseConfiguration$JpaWebConfiguration : spring.jpa.open-in-view is enabled by default. Therefore, database queries may be performed during view rendering. Explicitly configure spring.jpa.open-in-view to disable this warning
2022-09-30 12:00:53.797  INFO 8284 --- [restartedMain] .e.s.SpringEmployeePayrollAppApplication : Started SpringEmployeePayrollAppApplication in 11.236 seconds (JVM running for 13.377)
2022-09-30 12:00:53.803  INFO 8284 --- [restartedMain] .e.s.SpringEmployeePayrollAppApplication : -----------Welcome To Spring Employee Payroll App------------
2022-09-30 12:01:06.014  INFO 8284 --- [http-nio-8082-exec-2] c.e.s.service.EmployeeService            : -----------Employee Data Add Successfully ------------
2022-09-30 12:02:00.802  INFO 8960 --- [restartedMain] .e.s.SpringEmployeePayrollAppApplication : Starting SpringEmployeePayrollAppApplication using Java 18.0.1.1 on DESKTOP-K0BSPDB with PID 8960 (C:\Users\HP\IdeaProjects\SpringEmployeePayrollApp\target\classes started by HP in C:\Users\HP\IdeaProjects\SpringEmployeePayrollApp)
2022-09-30 12:02:00.811 DEBUG 8960 --- [restartedMain] .e.s.SpringEmployeePayrollAppApplication : Running with Spring Boot v2.7.4, Spring v5.3.23
2022-09-30 12:02:00.813  INFO 8960 --- [restartedMain] .e.s.SpringEmployeePayrollAppApplication : The following 1 profile is active: "dev"
2022-09-30 12:02:13.030  WARN 8960 --- [restartedMain] JpaBaseConfiguration$JpaWebConfiguration : spring.jpa.open-in-view is enabled by default. Therefore, database queries may be performed during view rendering. Explicitly configure spring.jpa.open-in-view to disable this warning
2022-09-30 12:02:13.942  INFO 8960 --- [restartedMain] .e.s.SpringEmployeePayrollAppApplication : Started SpringEmployeePayrollAppApplication in 16.23 seconds (JVM running for 20.447)
2022-09-30 12:02:13.948  INFO 8960 --- [restartedMain] .e.s.SpringEmployeePayrollAppApplication : -----------Welcome To Spring Employee Payroll App------------
2022-09-30 12:03:18.309  INFO 4908 --- [restartedMain] .e.s.SpringEmployeePayrollAppApplication : Starting SpringEmployeePayrollAppApplication using Java 18.0.1.1 on DESKTOP-K0BSPDB with PID 4908 (C:\Users\HP\IdeaProjects\SpringEmployeePayrollApp\target\classes started by HP in C:\Users\HP\IdeaProjects\SpringEmployeePayrollApp)
2022-09-30 12:03:18.316 DEBUG 4908 --- [restartedMain] .e.s.SpringEmployeePayrollAppApplication : Running with Spring Boot v2.7.4, Spring v5.3.23
2022-09-30 12:03:18.317  INFO 4908 --- [restartedMain] .e.s.SpringEmployeePayrollAppApplication : The following 1 profile is active: "dev"
2022-09-30 12:03:31.865  WARN 4908 --- [restartedMain] JpaBaseConfiguration$JpaWebConfiguration : spring.jpa.open-in-view is enabled by default. Therefore, database queries may be performed during view rendering. Explicitly configure spring.jpa.open-in-view to disable this warning
2022-09-30 12:03:32.415  WARN 4908 --- [restartedMain] ion$DefaultTemplateResolverConfiguration : Cannot find template location: classpath:/templates/ (please add some templates, check your Thymeleaf configuration, or set spring.thymeleaf.check-template-location=false)
2022-09-30 12:03:32.735  INFO 4908 --- [restartedMain] .e.s.SpringEmployeePayrollAppApplication : Started SpringEmployeePayrollAppApplication in 17.288 seconds (JVM running for 25.826)
2022-09-30 12:03:32.741  INFO 4908 --- [restartedMain] .e.s.SpringEmployeePayrollAppApplication : -----------Welcome To Spring Employee Payroll App------------
2022-09-30 12:04:41.489  INFO 9644 --- [restartedMain] .e.s.SpringEmployeePayrollAppApplication : Starting SpringEmployeePayrollAppApplication using Java 18.0.1.1 on DESKTOP-K0BSPDB with PID 9644 (C:\Users\HP\IdeaProjects\SpringEmployeePayrollApp\target\classes started by HP in C:\Users\HP\IdeaProjects\SpringEmployeePayrollApp)
2022-09-30 12:04:41.494 DEBUG 9644 --- [restartedMain] .e.s.SpringEmployeePayrollAppApplication : Running with Spring Boot v2.7.4, Spring v5.3.23
2022-09-30 12:04:41.496  INFO 9644 --- [restartedMain] .e.s.SpringEmployeePayrollAppApplication : The following 1 profile is active: "dev"
2022-09-30 12:04:52.924  WARN 9644 --- [restartedMain] JpaBaseConfiguration$JpaWebConfiguration : spring.jpa.open-in-view is enabled by default. Therefore, database queries may be performed during view rendering. Explicitly configure spring.jpa.open-in-view to disable this warning
2022-09-30 12:04:53.519  WARN 9644 --- [restartedMain] ion$DefaultTemplateResolverConfiguration : Cannot find template location: classpath:/templates/ (please add some templates, check your Thymeleaf configuration, or set spring.thymeleaf.check-template-location=false)
2022-09-30 12:04:53.833  INFO 9644 --- [restartedMain] .e.s.SpringEmployeePayrollAppApplication : Started SpringEmployeePayrollAppApplication in 14.116 seconds (JVM running for 16.55)
2022-09-30 12:04:53.840  INFO 9644 --- [restartedMain] .e.s.SpringEmployeePayrollAppApplication : -----------Welcome To Spring Employee Payroll App------------
2022-09-30 12:05:05.580  WARN 9644 --- [http-nio-8082-exec-2] .w.s.m.s.DefaultHandlerExceptionResolver : Resolved [org.springframework.web.bind.MethodArgumentNotValidException: Validation failed for argument [0] in public org.springframework.http.ResponseEntity<com.example.springemployeepayrollapp.dto.ResponseDTO> com.example.springemployeepayrollapp.controller.EmployeeController.createEmployees(com.example.springemployeepayrollapp.dto.EmployeeDTO) with 2 errors: [Field error in object 'employeeDTO' on field 'salary': rejected value [50]; codes [Min.employeeDTO.salary,Min.salary,Min.int,Min]; arguments [org.springframework.context.support.DefaultMessageSourceResolvable: codes [employeeDTO.salary,salary]; arguments []; default message [salary],5000]; default message [Salary Cannot Be Less Than 5000]] [Field error in object 'employeeDTO' on field 'address': rejected value []; codes [NotEmpty.employeeDTO.address,NotEmpty.address,NotEmpty.java.lang.String,NotEmpty]; arguments [org.springframework.context.support.DefaultMessageSourceResolvable: codes [employeeDTO.address,address]; arguments []; default message [address]]; default message [Address Can Not Null]] ]
2022-09-30 12:11:18.449  INFO 10692 --- [restartedMain] .e.s.SpringEmployeePayrollAppApplication : Starting SpringEmployeePayrollAppApplication using Java 18.0.1.1 on DESKTOP-K0BSPDB with PID 10692 (C:\Users\HP\IdeaProjects\SpringEmployeePayrollApp\target\classes started by HP in C:\Users\HP\IdeaProjects\SpringEmployeePayrollApp)
2022-09-30 12:11:18.463 DEBUG 10692 --- [restartedMain] .e.s.SpringEmployeePayrollAppApplication : Running with Spring Boot v2.7.4, Spring v5.3.23
2022-09-30 12:11:18.465  INFO 10692 --- [restartedMain] .e.s.SpringEmployeePayrollAppApplication : The following 1 profile is active: "dev"
2022-09-30 12:11:28.843  WARN 10692 --- [restartedMain] JpaBaseConfiguration$JpaWebConfiguration : spring.jpa.open-in-view is enabled by default. Therefore, database queries may be performed during view rendering. Explicitly configure spring.jpa.open-in-view to disable this warning
2022-09-30 12:11:29.808  WARN 10692 --- [restartedMain] ion$DefaultTemplateResolverConfiguration : Cannot find template location: classpath:/templates/ (please add some templates, check your Thymeleaf configuration, or set spring.thymeleaf.check-template-location=false)
2022-09-30 12:11:30.319  INFO 10692 --- [restartedMain] .e.s.SpringEmployeePayrollAppApplication : Started SpringEmployeePayrollAppApplication in 13.22 seconds (JVM running for 15.22)
2022-09-30 12:11:30.327  INFO 10692 --- [restartedMain] .e.s.SpringEmployeePayrollAppApplication : -----------Welcome To Spring Employee Payroll App------------
